{"synthetic": false,
 "schemaVersion": "2025-09-10",
 "outputs":
 {"o": ["98957f3bbb28e5c9.olean"],
  "m": false,
  "i": "af37a9c3fca873a5.ilean",
  "c": "a7a2a79af99ead16.c"},
 "log":
 [{"message":
   ".> LEAN_PATH=/Users/tor/src/wt-ship-t64/experimental/lean/m31_quotient_prefix_flatness/.lake/build/lib/lean /Users/tor/.elan/toolchains/leanprover--lean4---v4.31.0/bin/lean /Users/tor/src/wt-ship-t64/experimental/lean/m31_quotient_prefix_flatness/M31QuotientPrefixFlatness.lean -o /Users/tor/src/wt-ship-t64/experimental/lean/m31_quotient_prefix_flatness/.lake/build/lib/lean/M31QuotientPrefixFlatness.olean -i /Users/tor/src/wt-ship-t64/experimental/lean/m31_quotient_prefix_flatness/.lake/build/lib/lean/M31QuotientPrefixFlatness.ilean -c /Users/tor/src/wt-ship-t64/experimental/lean/m31_quotient_prefix_flatness/.lake/build/ir/M31QuotientPrefixFlatness.c --setup /Users/tor/src/wt-ship-t64/experimental/lean/m31_quotient_prefix_flatness/.lake/build/ir/M31QuotientPrefixFlatness.setup.json --json",
   "level": "trace"}],
 "inputs":
 [["M31QuotientPrefixFlatness:deps",
   [["deps",
     [["m31QuotientPrefixFlatness/M31QuotientPrefixFlatness:extraDep",
       [["@m31QuotientPrefixFlatness:extraDep", "00000000000006bb"]]],
      ["imports",
       [["M31QuotientPrefixFlatness.T64Witness transitive imports (legacy)",
         "00000000000006bb"],
        ["M31QuotientPrefixFlatness.T64Witness:importAllArts",
         "22103339a33954cb"]]]]],
    ["libs",
     [["import dynlibs", "00000000000006bb"],
      ["package external libraries", "00000000000006bb"],
      ["module dynlibs", "00000000000006bb"],
      ["module plugins", "00000000000006bb"]]]]],
  ["Lean 4.31.0, commit 68218e876d2a38b1985b8590fff244a83c321783",
   "fc45ac412f28501c"],
  ["/Users/tor/src/wt-ship-t64/experimental/lean/m31_quotient_prefix_flatness/M31QuotientPrefixFlatness.lean",
   "eb26b9dfcfa613c9"],
  ["options", "00000000000006bb"],
  ["isModule: false", "feefd2a0d3a1847e"],
  ["Module.name: M31QuotientPrefixFlatness", "2147144f9040a21f"],
  ["Package.id?: (some m31QuotientPrefixFlatness)", "e7a41a17548a83d1"],
  ["Module.leanArgs: #[]", "00000000000006bb"]],
 "depHash": "6891564caa3837d6"}