{"synthetic": false,
 "schemaVersion": "2025-09-10",
 "outputs":
 {"o": ["8298787db41c3cf3.olean"],
  "m": false,
  "i": "b0d0ee32209fbf7a.ilean",
  "c": "0142c9590a1c5f70.c"},
 "log":
 [{"message":
   ".> LEAN_PATH=/Users/tor/src/wt-ship-scale16-up/experimental/lean/staircase_logic/.lake/build/lib/lean:/Users/tor/src/wt-ship-scale16-up/experimental/lean/asymptotic_spine/.lake/build/lib/lean:/Users/tor/src/wt-ship-scale16-up/experimental/lean/m31_q_rooted_shell/.lake/build/lib/lean:/Users/tor/src/wt-ship-scale16-up/experimental/lean/sidon_effective_image/.lake/build/lib/lean /Users/tor/.elan/toolchains/leanprover--lean4---v4.31.0/bin/lean /Users/tor/src/wt-ship-scale16-up/experimental/lean/m31_q_rooted_shell/M31QRootedShell/Deployed.lean -o /Users/tor/src/wt-ship-scale16-up/experimental/lean/m31_q_rooted_shell/.lake/build/lib/lean/M31QRootedShell/Deployed.olean -i /Users/tor/src/wt-ship-scale16-up/experimental/lean/m31_q_rooted_shell/.lake/build/lib/lean/M31QRootedShell/Deployed.ilean -c /Users/tor/src/wt-ship-scale16-up/experimental/lean/m31_q_rooted_shell/.lake/build/ir/M31QRootedShell/Deployed.c --setup /Users/tor/src/wt-ship-scale16-up/experimental/lean/m31_q_rooted_shell/.lake/build/ir/M31QRootedShell/Deployed.setup.json --json",
   "level": "trace"}],
 "inputs":
 [["M31QRootedShell.Deployed:deps",
   [["deps",
     [["m31QRootedShell/M31QRootedShell:extraDep",
       [["@m31QRootedShell:extraDep", "00000000000006bb"]]],
      ["imports",
       [["M31QRootedShell.Envelope transitive imports (legacy)",
         "00000000000006bb"],
        ["M31QRootedShell.Envelope:importAllArts", "469694c4e0b05c2b"]]]]],
    ["libs",
     [["import dynlibs", "00000000000006bb"],
      ["package external libraries", "00000000000006bb"],
      ["module dynlibs", "00000000000006bb"],
      ["module plugins", "00000000000006bb"]]]]],
  ["Lean 4.31.0, commit 68218e876d2a38b1985b8590fff244a83c321783",
   "fc45ac412f28501c"],
  ["/Users/tor/src/wt-ship-scale16-up/experimental/lean/m31_q_rooted_shell/M31QRootedShell/Deployed.lean",
   "d31f40d53036f3cf"],
  ["options", "00000000000006bb"],
  ["isModule: false", "feefd2a0d3a1847e"],
  ["Module.name: M31QRootedShell.Deployed", "cbcd1fd51dc8217e"],
  ["Package.id?: (some m31QRootedShell)", "047d3bea3635d73a"],
  ["Module.leanArgs: #[]", "00000000000006bb"]],
 "depHash": "a25bb062ed29c892"}